<?xml version="1.0" encoding="UTF-8"?>
<testng-results ignored="0" total="1" passed="1" failed="0" skipped="0">
  <reporter-output>
  </reporter-output>
  <suite started-at="2024-06-04T15:44:12 EDT" name="Default suite" finished-at="2024-06-04T15:44:26 EDT" duration-ms="13791">
    <groups>
    </groups>
    <test started-at="2024-06-04T15:44:12 EDT" name="Default test" finished-at="2024-06-04T15:44:26 EDT" duration-ms="13791">
      <class name="Tngpackage.TngDraganddrop">
        <test-method signature="draganddrop()[pri:0, instance:Tngpackage.TngDraganddrop@3d6f0054]" started-at="2024-06-04T15:44:12 EDT" name="draganddrop" finished-at="2024-06-04T15:44:26 EDT" duration-ms="13749" status="PASS">
          <reporter-output>
          </reporter-output>
        </test-method> <!-- draganddrop -->
      </class> <!-- Tngpackage.TngDraganddrop -->
    </test> <!-- Default test -->
  </suite> <!-- Default suite -->
</testng-results>
